<?xml version="1.0" encoding="UTF-8"?>
<coverage generated="1746801929615" clover="3.2.0">
  <project timestamp="1746801929615" name="All files">
    <metrics statements="35" coveredstatements="32" conditionals="7" coveredconditionals="7" methods="9" coveredmethods="9" elements="51" coveredelements="48" complexity="0" loc="35" ncloc="35" packages="2" files="2" classes="2"/>
    <package name="components">
      <metrics statements="9" coveredstatements="8" conditionals="4" coveredconditionals="4" methods="3" coveredmethods="3"/>
      <file name="TaskCard.tsx" path="C:\Users\Dilum Harshana\Desktop\assignment\todo-list-react-node\frontend\src\components\TaskCard.tsx">
        <metrics statements="9" coveredstatements="8" conditionals="4" coveredconditionals="4" methods="3" coveredmethods="3"/>
        <line num="1" count="1" type="stmt"/>
        <line num="3" count="1" type="stmt"/>
        <line num="10" count="1" type="stmt"/>
        <line num="11" count="5" type="stmt"/>
        <line num="12" count="1" type="stmt"/>
        <line num="13" count="1" type="stmt"/>
        <line num="15" count="0" type="stmt"/>
        <line num="19" count="5" type="stmt"/>
        <line num="45" count="1" type="stmt"/>
      </file>
    </package>
    <package name="services">
      <metrics statements="26" coveredstatements="24" conditionals="3" coveredconditionals="3" methods="6" coveredmethods="6"/>
      <file name="taskService.ts" path="C:\Users\Dilum Harshana\Desktop\assignment\todo-list-react-node\frontend\src\services\taskService.ts">
        <metrics statements="26" coveredstatements="24" conditionals="3" coveredconditionals="3" methods="6" coveredmethods="6"/>
        <line num="1" count="1" type="stmt"/>
        <line num="5" count="1" type="stmt"/>
        <line num="17" count="2" type="stmt"/>
        <line num="18" count="2" type="stmt"/>
        <line num="19" count="2" type="stmt"/>
        <line num="22" count="2" type="cond" truecount="1" falsecount="0"/>
        <line num="23" count="1" type="stmt"/>
        <line num="27" count="1" type="stmt"/>
        <line num="30" count="1" type="stmt"/>
        <line num="31" count="1" type="stmt"/>
        <line num="46" count="1" type="stmt"/>
        <line num="47" count="1" type="stmt"/>
        <line num="48" count="1" type="stmt"/>
        <line num="56" count="1" type="cond" truecount="1" falsecount="0"/>
        <line num="57" count="1" type="stmt"/>
        <line num="60" count="0" type="stmt"/>
        <line num="62" count="1" type="stmt"/>
        <line num="63" count="1" type="stmt"/>
        <line num="78" count="1" type="stmt"/>
        <line num="79" count="1" type="stmt"/>
        <line num="80" count="1" type="stmt"/>
        <line num="84" count="1" type="cond" truecount="1" falsecount="0"/>
        <line num="85" count="1" type="stmt"/>
        <line num="88" count="0" type="stmt"/>
        <line num="90" count="1" type="stmt"/>
        <line num="91" count="1" type="stmt"/>
      </file>
    </package>
  </project>
</coverage>
