{"C:\\Users\\Dilum Harshana\\Desktop\\assignment\\todo-list-react-node\\frontend\\src\\components\\TaskCard.tsx": {"path":"C:\\Users\\Dilum Harshana\\Desktop\\assignment\\todo-list-react-node\\frontend\\src\\components\\TaskCard.tsx","statementMap":{"0":{"start":{"line":1,"column":0},"end":{"line":1,"column":26}},"1":{"start":{"line":3,"column":0},"end":{"line":3,"column":32}},"2":{"start":{"line":10,"column":42},"end":{"line":43,"column":1}},"3":{"start":{"line":11,"column":27},"end":{"line":17,"column":6}},"4":{"start":{"line":11,"column":38},"end":{"line":17,"column":6}},"5":{"start":{"line":12,"column":8},"end":{"line":16,"column":9}},"6":{"start":{"line":13,"column":12},"end":{"line":13,"column":38}},"7":{"start":{"line":15,"column":12},"end":{"line":15,"column":59}},"8":{"start":{"line":19,"column":4},"end":{"line":42,"column":6}},"9":{"start":{"line":45,"column":0},"end":{"line":45,"column":24}}},"fnMap":{"0":{"name":"(anonymous_8)","decl":{"start":{"line":10,"column":42},"end":{"line":10,"column":43}},"loc":{"start":{"line":10,"column":67},"end":{"line":43,"column":1}}},"1":{"name":"(anonymous_9)","decl":{"start":{"line":11,"column":27},"end":{"line":11,"column":36}},"loc":{"start":{"line":11,"column":38},"end":{"line":17,"column":6}}},"2":{"name":"(anonymous_10)","decl":{"start":{"line":11,"column":38},"end":{"line":11,"column":null}},"loc":{"start":{"line":11,"column":38},"end":{"line":17,"column":5}}}},"branchMap":{"0":{"loc":{"start":{"line":30,"column":50},"end":{"line":30,"column":90}},"type":"cond-expr","locations":[{"start":{"line":30,"column":67},"end":{"line":30,"column":78}},{"start":{"line":30,"column":81},"end":{"line":30,"column":90}}]},"1":{"loc":{"start":{"line":35,"column":17},"end":{"line":38,"column":null}},"type":"binary-expr","locations":[{"start":{"line":35,"column":17},"end":{"line":35,"column":32}},{"start":{"line":36,"column":20},"end":{"line":37,"column":null}}]}},"s":{"0":1,"1":1,"2":1,"3":5,"4":1,"5":1,"6":1,"7":0,"8":5,"9":1},"f":{"0":5,"1":1,"2":1},"b":{"0":[2,3],"1":[5,3]}}
,"C:\\Users\\Dilum Harshana\\Desktop\\assignment\\todo-list-react-node\\frontend\\src\\services\\taskService.ts": {"path":"C:\\Users\\Dilum Harshana\\Desktop\\assignment\\todo-list-react-node\\frontend\\src\\services\\taskService.ts","statementMap":{"0":{"start":{"line":1,"column":0},"end":{"line":1,"column":42}},"1":{"start":{"line":5,"column":16},"end":{"line":5,"column":28}},"2":{"start":{"line":17,"column":32},"end":{"line":33,"column":2}},"3":{"start":{"line":17,"column":60},"end":{"line":33,"column":2}},"4":{"start":{"line":18,"column":2},"end":{"line":32,"column":3}},"5":{"start":{"line":19,"column":21},"end":{"line":19,"column":52}},"6":{"start":{"line":22,"column":4},"end":{"line":24,"column":5}},"7":{"start":{"line":23,"column":6},"end":{"line":23,"column":53}},"8":{"start":{"line":27,"column":4},"end":{"line":27,"column":33}},"9":{"start":{"line":30,"column":4},"end":{"line":30,"column":50}},"10":{"start":{"line":31,"column":4},"end":{"line":31,"column":16}},"11":{"start":{"line":17,"column":13},"end":{"line":17,"column":32}},"12":{"start":{"line":46,"column":26},"end":{"line":65,"column":2}},"13":{"start":{"line":46,"column":73},"end":{"line":65,"column":2}},"14":{"start":{"line":47,"column":2},"end":{"line":64,"column":3}},"15":{"start":{"line":48,"column":21},"end":{"line":54,"column":6}},"16":{"start":{"line":56,"column":4},"end":{"line":58,"column":5}},"17":{"start":{"line":57,"column":6},"end":{"line":57,"column":53}},"18":{"start":{"line":60,"column":4},"end":{"line":60,"column":33}},"19":{"start":{"line":62,"column":4},"end":{"line":62,"column":49}},"20":{"start":{"line":63,"column":4},"end":{"line":63,"column":16}},"21":{"start":{"line":46,"column":13},"end":{"line":46,"column":26}},"22":{"start":{"line":78,"column":28},"end":{"line":93,"column":2}},"23":{"start":{"line":78,"column":68},"end":{"line":93,"column":2}},"24":{"start":{"line":79,"column":2},"end":{"line":92,"column":3}},"25":{"start":{"line":80,"column":21},"end":{"line":82,"column":6}},"26":{"start":{"line":84,"column":4},"end":{"line":86,"column":5}},"27":{"start":{"line":85,"column":6},"end":{"line":85,"column":53}},"28":{"start":{"line":88,"column":4},"end":{"line":88,"column":33}},"29":{"start":{"line":90,"column":4},"end":{"line":90,"column":51}},"30":{"start":{"line":91,"column":4},"end":{"line":91,"column":16}},"31":{"start":{"line":78,"column":13},"end":{"line":78,"column":28}}},"fnMap":{"0":{"name":"(anonymous_7)","decl":{"start":{"line":17,"column":32},"end":{"line":17,"column":58}},"loc":{"start":{"line":17,"column":60},"end":{"line":33,"column":2}}},"1":{"name":"(anonymous_8)","decl":{"start":{"line":17,"column":60},"end":{"line":17,"column":null}},"loc":{"start":{"line":17,"column":60},"end":{"line":33,"column":1}}},"2":{"name":"(anonymous_9)","decl":{"start":{"line":46,"column":26},"end":{"line":46,"column":33}},"loc":{"start":{"line":46,"column":73},"end":{"line":65,"column":2}}},"3":{"name":"(anonymous_10)","decl":{"start":{"line":46,"column":73},"end":{"line":46,"column":null}},"loc":{"start":{"line":46,"column":73},"end":{"line":65,"column":1}}},"4":{"name":"(anonymous_11)","decl":{"start":{"line":78,"column":28},"end":{"line":78,"column":35}},"loc":{"start":{"line":78,"column":68},"end":{"line":93,"column":2}}},"5":{"name":"(anonymous_12)","decl":{"start":{"line":78,"column":68},"end":{"line":78,"column":null}},"loc":{"start":{"line":78,"column":68},"end":{"line":93,"column":1}}}},"branchMap":{"0":{"loc":{"start":{"line":22,"column":4},"end":{"line":24,"column":5}},"type":"if","locations":[{"start":{"line":22,"column":4},"end":{"line":24,"column":5}}]},"1":{"loc":{"start":{"line":56,"column":4},"end":{"line":58,"column":5}},"type":"if","locations":[{"start":{"line":56,"column":4},"end":{"line":58,"column":5}}]},"2":{"loc":{"start":{"line":84,"column":4},"end":{"line":86,"column":5}},"type":"if","locations":[{"start":{"line":84,"column":4},"end":{"line":86,"column":5}}]}},"s":{"0":1,"1":1,"2":1,"3":2,"4":2,"5":2,"6":2,"7":1,"8":1,"9":1,"10":1,"11":1,"12":1,"13":1,"14":1,"15":1,"16":1,"17":1,"18":0,"19":1,"20":1,"21":1,"22":1,"23":1,"24":1,"25":1,"26":1,"27":1,"28":0,"29":1,"30":1,"31":1},"f":{"0":2,"1":2,"2":1,"3":1,"4":1,"5":1},"b":{"0":[1],"1":[1],"2":[1]}}
}
