TN:
SF:src\components\TaskCard.tsx
FN:10,(anonymous_8)
FN:11,(anonymous_9)
FN:11,(anonymous_10)
FNF:3
FNH:3
FNDA:5,(anonymous_8)
FNDA:1,(anonymous_9)
FNDA:1,(anonymous_10)
DA:1,1
DA:3,1
DA:10,1
DA:11,5
DA:12,1
DA:13,1
DA:15,0
DA:19,5
DA:45,1
LF:9
LH:8
BRDA:30,0,0,2
BRDA:30,0,1,3
BRDA:35,1,0,5
BRDA:35,1,1,3
BRF:4
BRH:4
end_of_record
TN:
SF:src\services\taskService.ts
FN:17,(anonymous_7)
FN:17,(anonymous_8)
FN:46,(anonymous_9)
FN:46,(anonymous_10)
FN:78,(anonymous_11)
FN:78,(anonymous_12)
FNF:6
FNH:6
FNDA:2,(anonymous_7)
FNDA:2,(anonymous_8)
FNDA:1,(anonymous_9)
FNDA:1,(anonymous_10)
FNDA:1,(anonymous_11)
FNDA:1,(anonymous_12)
DA:1,1
DA:5,1
DA:17,2
DA:18,2
DA:19,2
DA:22,2
DA:23,1
DA:27,1
DA:30,1
DA:31,1
DA:46,1
DA:47,1
DA:48,1
DA:56,1
DA:57,1
DA:60,0
DA:62,1
DA:63,1
DA:78,1
DA:79,1
DA:80,1
DA:84,1
DA:85,1
DA:88,0
DA:90,1
DA:91,1
LF:26
LH:24
BRDA:22,0,0,1
BRDA:56,1,0,1
BRDA:84,2,0,1
BRF:3
BRH:3
end_of_record
