{"C:\\Users\\Dilum Harshana\\Desktop\\assignment\\todo-list-react-node\\backend\\src\\app.js": {"path":"C:\\Users\\Dilum Harshana\\Desktop\\assignment\\todo-list-react-node\\backend\\src\\app.js","statementMap":{"0":{"start":{"line":1,"column":16},"end":{"line":1,"column":34}},"1":{"start":{"line":2,"column":13},"end":{"line":2,"column":28}},"2":{"start":{"line":3,"column":15},"end":{"line":3,"column":32}},"3":{"start":{"line":4,"column":15},"end":{"line":4,"column":32}},"4":{"start":{"line":5,"column":19},"end":{"line":5,"column":36}},"5":{"start":{"line":8,"column":0},"end":{"line":8,"column":9}},"6":{"start":{"line":11,"column":19},"end":{"line":11,"column":49}},"7":{"start":{"line":12,"column":21},"end":{"line":12,"column":57}},"8":{"start":{"line":15,"column":12},"end":{"line":15,"column":21}},"9":{"start":{"line":16,"column":13},"end":{"line":16,"column":37}},"10":{"start":{"line":19,"column":0},"end":{"line":19,"column":16}},"11":{"start":{"line":20,"column":0},"end":{"line":20,"column":18}},"12":{"start":{"line":21,"column":0},"end":{"line":21,"column":24}},"13":{"start":{"line":22,"column":0},"end":{"line":22,"column":23}},"14":{"start":{"line":25,"column":0},"end":{"line":25,"column":29}},"15":{"start":{"line":28,"column":0},"end":{"line":30,"column":3}},"16":{"start":{"line":29,"column":2},"end":{"line":29,"column":41}},"17":{"start":{"line":33,"column":0},"end":{"line":33,"column":22}},"18":{"start":{"line":36,"column":0},"end":{"line":40,"column":1}},"19":{"start":{"line":37,"column":2},"end":{"line":39,"column":5}},"20":{"start":{"line":38,"column":4},"end":{"line":38,"column":50}},"21":{"start":{"line":42,"column":0},"end":{"line":42,"column":21}}},"fnMap":{"0":{"name":"(anonymous_0)","decl":{"start":{"line":28,"column":19},"end":{"line":28,"column":20}},"loc":{"start":{"line":28,"column":33},"end":{"line":30,"column":1}},"line":28},"1":{"name":"(anonymous_1)","decl":{"start":{"line":37,"column":19},"end":{"line":37,"column":20}},"loc":{"start":{"line":37,"column":25},"end":{"line":39,"column":3}},"line":37}},"branchMap":{"0":{"loc":{"start":{"line":16,"column":13},"end":{"line":16,"column":37}},"type":"binary-expr","locations":[{"start":{"line":16,"column":13},"end":{"line":16,"column":29}},{"start":{"line":16,"column":33},"end":{"line":16,"column":37}}],"line":16},"1":{"loc":{"start":{"line":36,"column":0},"end":{"line":40,"column":1}},"type":"if","locations":[{"start":{"line":36,"column":0},"end":{"line":40,"column":1}},{"start":{},"end":{}}],"line":36}},"s":{"0":1,"1":1,"2":1,"3":1,"4":1,"5":1,"6":1,"7":1,"8":1,"9":1,"10":1,"11":1,"12":1,"13":1,"14":1,"15":1,"16":0,"17":1,"18":1,"19":0,"20":0,"21":1},"f":{"0":0,"1":0},"b":{"0":[1,0],"1":[0,1]},"_coverageSchema":"1a1c01bbd47fc00a2c39e90264f33305004495a9","hash":"6dcdd37a9522e84bd59a3de89c023f8fa794223e"}
,"C:\\Users\\Dilum Harshana\\Desktop\\assignment\\todo-list-react-node\\backend\\src\\config\\db.js": {"path":"C:\\Users\\Dilum Harshana\\Desktop\\assignment\\todo-list-react-node\\backend\\src\\config\\db.js","statementMap":{"0":{"start":{"line":1,"column":14},"end":{"line":1,"column":39}},"1":{"start":{"line":6,"column":4},"end":{"line":6,"column":22}},"2":{"start":{"line":9,"column":4},"end":{"line":17,"column":6}},"3":{"start":{"line":22,"column":4},"end":{"line":24,"column":5}},"4":{"start":{"line":23,"column":6},"end":{"line":23,"column":41}},"5":{"start":{"line":25,"column":4},"end":{"line":25,"column":29}},"6":{"start":{"line":30,"column":4},"end":{"line":32,"column":5}},"7":{"start":{"line":31,"column":6},"end":{"line":31,"column":52}},"8":{"start":{"line":33,"column":4},"end":{"line":33,"column":22}},"9":{"start":{"line":38,"column":4},"end":{"line":46,"column":5}},"10":{"start":{"line":39,"column":25},"end":{"line":39,"column":61}},"11":{"start":{"line":40,"column":6},"end":{"line":40,"column":66}},"12":{"start":{"line":41,"column":6},"end":{"line":41,"column":27}},"13":{"start":{"line":42,"column":6},"end":{"line":42,"column":18}},"14":{"start":{"line":44,"column":6},"end":{"line":44,"column":73}},"15":{"start":{"line":45,"column":6},"end":{"line":45,"column":19}},"16":{"start":{"line":51,"column":11},"end":{"line":51,"column":33}},"17":{"start":{"line":54,"column":0},"end":{"line":58,"column":5}},"18":{"start":{"line":55,"column":2},"end":{"line":57,"column":3}},"19":{"start":{"line":56,"column":4},"end":{"line":56,"column":30}},"20":{"start":{"line":61,"column":0},"end":{"line":65,"column":2}},"21":{"start":{"line":63,"column":17},"end":{"line":63,"column":29}},"22":{"start":{"line":64,"column":24},"end":{"line":64,"column":43}}},"fnMap":{"0":{"name":"(anonymous_0)","decl":{"start":{"line":4,"column":2},"end":{"line":4,"column":3}},"loc":{"start":{"line":4,"column":16},"end":{"line":18,"column":3}},"line":4},"1":{"name":"(anonymous_1)","decl":{"start":{"line":21,"column":2},"end":{"line":21,"column":3}},"loc":{"start":{"line":21,"column":23},"end":{"line":26,"column":3}},"line":21},"2":{"name":"(anonymous_2)","decl":{"start":{"line":29,"column":2},"end":{"line":29,"column":3}},"loc":{"start":{"line":29,"column":12},"end":{"line":34,"column":3}},"line":29},"3":{"name":"(anonymous_3)","decl":{"start":{"line":37,"column":2},"end":{"line":37,"column":3}},"loc":{"start":{"line":37,"column":25},"end":{"line":47,"column":3}},"line":37},"4":{"name":"(anonymous_4)","decl":{"start":{"line":54,"column":1},"end":{"line":54,"column":2}},"loc":{"start":{"line":54,"column":13},"end":{"line":58,"column":1}},"line":54},"5":{"name":"(anonymous_5)","decl":{"start":{"line":63,"column":11},"end":{"line":63,"column":12}},"loc":{"start":{"line":63,"column":17},"end":{"line":63,"column":29}},"line":63},"6":{"name":"(anonymous_6)","decl":{"start":{"line":64,"column":18},"end":{"line":64,"column":19}},"loc":{"start":{"line":64,"column":24},"end":{"line":64,"column":43}},"line":64}},"branchMap":{"0":{"loc":{"start":{"line":22,"column":4},"end":{"line":24,"column":5}},"type":"if","locations":[{"start":{"line":22,"column":4},"end":{"line":24,"column":5}},{"start":{},"end":{}}],"line":22},"1":{"loc":{"start":{"line":30,"column":4},"end":{"line":32,"column":5}},"type":"if","locations":[{"start":{"line":30,"column":4},"end":{"line":32,"column":5}},{"start":{},"end":{}}],"line":30},"2":{"loc":{"start":{"line":55,"column":2},"end":{"line":57,"column":3}},"type":"if","locations":[{"start":{"line":55,"column":2},"end":{"line":57,"column":3}},{"start":{},"end":{}}],"line":55}},"s":{"0":3,"1":3,"2":3,"3":3,"4":3,"5":3,"6":5,"7":3,"8":5,"9":2,"10":2,"11":1,"12":1,"13":1,"14":1,"15":1,"16":3,"17":3,"18":3,"19":0,"20":3,"21":0,"22":2},"f":{"0":3,"1":3,"2":5,"3":2,"4":3,"5":0,"6":2},"b":{"0":[3,0],"1":[3,2],"2":[0,3]},"_coverageSchema":"1a1c01bbd47fc00a2c39e90264f33305004495a9","hash":"8143c875ca094f190e75374063a9183c8426636f"}
,"C:\\Users\\Dilum Harshana\\Desktop\\assignment\\todo-list-react-node\\backend\\src\\controllers\\taskController.js": {"path":"C:\\Users\\Dilum Harshana\\Desktop\\assignment\\todo-list-react-node\\backend\\src\\controllers\\taskController.js","statementMap":{"0":{"start":{"line":1,"column":20},"end":{"line":1,"column":54}},"1":{"start":{"line":2,"column":27},"end":{"line":2,"column":57}},"2":{"start":{"line":15,"column":4},"end":{"line":20,"column":5}},"3":{"start":{"line":16,"column":20},"end":{"line":16,"column":54}},"4":{"start":{"line":17,"column":6},"end":{"line":17,"column":34}},"5":{"start":{"line":19,"column":6},"end":{"line":19,"column":18}},"6":{"start":{"line":38,"column":4},"end":{"line":43,"column":5}},"7":{"start":{"line":39,"column":19},"end":{"line":39,"column":57}},"8":{"start":{"line":40,"column":6},"end":{"line":40,"column":33}},"9":{"start":{"line":42,"column":6},"end":{"line":42,"column":18}},"10":{"start":{"line":53,"column":4},"end":{"line":66,"column":5}},"11":{"start":{"line":54,"column":21},"end":{"line":54,"column":31}},"12":{"start":{"line":57,"column":31},"end":{"line":57,"column":49}},"13":{"start":{"line":58,"column":6},"end":{"line":60,"column":7}},"14":{"start":{"line":59,"column":8},"end":{"line":59,"column":62}},"15":{"start":{"line":62,"column":26},"end":{"line":62,"column":71}},"16":{"start":{"line":63,"column":6},"end":{"line":63,"column":40}},"17":{"start":{"line":65,"column":6},"end":{"line":65,"column":18}},"18":{"start":{"line":76,"column":4},"end":{"line":89,"column":5}},"19":{"start":{"line":77,"column":21},"end":{"line":77,"column":31}},"20":{"start":{"line":80,"column":31},"end":{"line":80,"column":49}},"21":{"start":{"line":81,"column":6},"end":{"line":83,"column":7}},"22":{"start":{"line":82,"column":8},"end":{"line":82,"column":62}},"23":{"start":{"line":85,"column":28},"end":{"line":85,"column":65}},"24":{"start":{"line":86,"column":6},"end":{"line":86,"column":42}},"25":{"start":{"line":88,"column":6},"end":{"line":88,"column":18}},"26":{"start":{"line":99,"column":4},"end":{"line":112,"column":5}},"27":{"start":{"line":100,"column":21},"end":{"line":100,"column":31}},"28":{"start":{"line":103,"column":31},"end":{"line":103,"column":49}},"29":{"start":{"line":104,"column":6},"end":{"line":106,"column":7}},"30":{"start":{"line":105,"column":8},"end":{"line":105,"column":62}},"31":{"start":{"line":108,"column":6},"end":{"line":108,"column":42}},"32":{"start":{"line":109,"column":6},"end":{"line":109,"column":28}},"33":{"start":{"line":111,"column":6},"end":{"line":111,"column":18}},"34":{"start":{"line":116,"column":0},"end":{"line":116,"column":32}}},"fnMap":{"0":{"name":"(anonymous_0)","decl":{"start":{"line":14,"column":2},"end":{"line":14,"column":3}},"loc":{"start":{"line":14,"column":46},"end":{"line":21,"column":3}},"line":14},"1":{"name":"(anonymous_1)","decl":{"start":{"line":37,"column":2},"end":{"line":37,"column":3}},"loc":{"start":{"line":37,"column":42},"end":{"line":44,"column":3}},"line":37},"2":{"name":"(anonymous_2)","decl":{"start":{"line":52,"column":2},"end":{"line":52,"column":3}},"loc":{"start":{"line":52,"column":42},"end":{"line":67,"column":3}},"line":52},"3":{"name":"(anonymous_3)","decl":{"start":{"line":75,"column":2},"end":{"line":75,"column":3}},"loc":{"start":{"line":75,"column":44},"end":{"line":90,"column":3}},"line":75},"4":{"name":"(anonymous_4)","decl":{"start":{"line":98,"column":2},"end":{"line":98,"column":3}},"loc":{"start":{"line":98,"column":42},"end":{"line":113,"column":3}},"line":98}},"branchMap":{"0":{"loc":{"start":{"line":58,"column":6},"end":{"line":60,"column":7}},"type":"if","locations":[{"start":{"line":58,"column":6},"end":{"line":60,"column":7}},{"start":{},"end":{}}],"line":58},"1":{"loc":{"start":{"line":81,"column":6},"end":{"line":83,"column":7}},"type":"if","locations":[{"start":{"line":81,"column":6},"end":{"line":83,"column":7}},{"start":{},"end":{}}],"line":81},"2":{"loc":{"start":{"line":104,"column":6},"end":{"line":106,"column":7}},"type":"if","locations":[{"start":{"line":104,"column":6},"end":{"line":106,"column":7}},{"start":{},"end":{}}],"line":104}},"s":{"0":2,"1":2,"2":3,"3":3,"4":2,"5":1,"6":4,"7":4,"8":2,"9":2,"10":3,"11":3,"12":3,"13":3,"14":1,"15":2,"16":1,"17":1,"18":3,"19":3,"20":3,"21":3,"22":1,"23":2,"24":1,"25":1,"26":0,"27":0,"28":0,"29":0,"30":0,"31":0,"32":0,"33":0,"34":2},"f":{"0":3,"1":4,"2":3,"3":3,"4":0},"b":{"0":[1,2],"1":[1,2],"2":[0,0]},"_coverageSchema":"1a1c01bbd47fc00a2c39e90264f33305004495a9","hash":"77ab81b1b781a1c86c90f87fd98e97fbdf3ea767"}
,"C:\\Users\\Dilum Harshana\\Desktop\\assignment\\todo-list-react-node\\backend\\src\\middleware\\errorHandler.js": {"path":"C:\\Users\\Dilum Harshana\\Desktop\\assignment\\todo-list-react-node\\backend\\src\\middleware\\errorHandler.js","statementMap":{"0":{"start":{"line":8,"column":21},"end":{"line":20,"column":1}},"1":{"start":{"line":10,"column":2},"end":{"line":10,"column":41}},"2":{"start":{"line":11,"column":2},"end":{"line":11,"column":27}},"3":{"start":{"line":14,"column":21},"end":{"line":14,"column":42}},"4":{"start":{"line":17,"column":2},"end":{"line":19,"column":5}},"5":{"start":{"line":22,"column":0},"end":{"line":22,"column":30}}},"fnMap":{"0":{"name":"(anonymous_0)","decl":{"start":{"line":8,"column":21},"end":{"line":8,"column":22}},"loc":{"start":{"line":8,"column":46},"end":{"line":20,"column":1}},"line":8}},"branchMap":{"0":{"loc":{"start":{"line":14,"column":21},"end":{"line":14,"column":42}},"type":"binary-expr","locations":[{"start":{"line":14,"column":21},"end":{"line":14,"column":35}},{"start":{"line":14,"column":39},"end":{"line":14,"column":42}}],"line":14},"1":{"loc":{"start":{"line":18,"column":11},"end":{"line":18,"column":49}},"type":"binary-expr","locations":[{"start":{"line":18,"column":11},"end":{"line":18,"column":22}},{"start":{"line":18,"column":26},"end":{"line":18,"column":49}}],"line":18}},"s":{"0":1,"1":1,"2":1,"3":1,"4":1,"5":1},"f":{"0":1},"b":{"0":[1,0],"1":[1,0]},"_coverageSchema":"1a1c01bbd47fc00a2c39e90264f33305004495a9","hash":"8dc6471476468f333d94b6225593f0260271907b"}
,"C:\\Users\\Dilum Harshana\\Desktop\\assignment\\todo-list-react-node\\backend\\src\\models\\task.js": {"path":"C:\\Users\\Dilum Harshana\\Desktop\\assignment\\todo-list-react-node\\backend\\src\\models\\task.js","statementMap":{"0":{"start":{"line":1,"column":17},"end":{"line":1,"column":40}},"1":{"start":{"line":13,"column":4},"end":{"line":24,"column":5}},"2":{"start":{"line":14,"column":21},"end":{"line":20,"column":7}},"3":{"start":{"line":21,"column":6},"end":{"line":21,"column":18}},"4":{"start":{"line":23,"column":6},"end":{"line":23,"column":70}},"5":{"start":{"line":33,"column":4},"end":{"line":38,"column":5}},"6":{"start":{"line":34,"column":21},"end":{"line":34,"column":79}},"7":{"start":{"line":35,"column":6},"end":{"line":35,"column":42}},"8":{"start":{"line":37,"column":6},"end":{"line":37,"column":68}},"9":{"start":{"line":47,"column":4},"end":{"line":58,"column":5}},"10":{"start":{"line":48,"column":37},"end":{"line":48,"column":45}},"11":{"start":{"line":49,"column":23},"end":{"line":52,"column":7}},"12":{"start":{"line":54,"column":17},"end":{"line":54,"column":32}},"13":{"start":{"line":55,"column":6},"end":{"line":55,"column":31}},"14":{"start":{"line":57,"column":6},"end":{"line":57,"column":63}},"15":{"start":{"line":68,"column":4},"end":{"line":87,"column":5}},"16":{"start":{"line":69,"column":48},"end":{"line":69,"column":56}},"17":{"start":{"line":71,"column":23},"end":{"line":78,"column":7}},"18":{"start":{"line":80,"column":6},"end":{"line":82,"column":7}},"19":{"start":{"line":81,"column":8},"end":{"line":81,"column":20}},"20":{"start":{"line":84,"column":6},"end":{"line":84,"column":31}},"21":{"start":{"line":86,"column":6},"end":{"line":86,"column":63}},"22":{"start":{"line":91,"column":0},"end":{"line":91,"column":22}}},"fnMap":{"0":{"name":"(anonymous_0)","decl":{"start":{"line":12,"column":2},"end":{"line":12,"column":3}},"loc":{"start":{"line":12,"column":37},"end":{"line":25,"column":3}},"line":12},"1":{"name":"(anonymous_1)","decl":{"start":{"line":32,"column":2},"end":{"line":32,"column":3}},"loc":{"start":{"line":32,"column":28},"end":{"line":39,"column":3}},"line":32},"2":{"name":"(anonymous_2)","decl":{"start":{"line":46,"column":2},"end":{"line":46,"column":3}},"loc":{"start":{"line":46,"column":32},"end":{"line":59,"column":3}},"line":46},"3":{"name":"(anonymous_3)","decl":{"start":{"line":67,"column":2},"end":{"line":67,"column":3}},"loc":{"start":{"line":67,"column":36},"end":{"line":88,"column":3}},"line":67}},"branchMap":{"0":{"loc":{"start":{"line":12,"column":26},"end":{"line":12,"column":35}},"type":"default-arg","locations":[{"start":{"line":12,"column":34},"end":{"line":12,"column":35}}],"line":12},"1":{"loc":{"start":{"line":35,"column":13},"end":{"line":35,"column":41}},"type":"cond-expr","locations":[{"start":{"line":35,"column":27},"end":{"line":35,"column":34}},{"start":{"line":35,"column":37},"end":{"line":35,"column":41}}],"line":35},"2":{"loc":{"start":{"line":80,"column":6},"end":{"line":82,"column":7}},"type":"if","locations":[{"start":{"line":80,"column":6},"end":{"line":82,"column":7}},{"start":{},"end":{}}],"line":80}},"s":{"0":3,"1":1,"2":1,"3":1,"4":0,"5":1,"6":1,"7":1,"8":0,"9":1,"10":1,"11":1,"12":1,"13":1,"14":0,"15":0,"16":0,"17":0,"18":0,"19":0,"20":0,"21":0,"22":3},"f":{"0":1,"1":1,"2":1,"3":0},"b":{"0":[0],"1":[1,0],"2":[0,0]},"_coverageSchema":"1a1c01bbd47fc00a2c39e90264f33305004495a9","hash":"872b5d12095ddaf2ca4521368cf519aee0b69dd5"}
,"C:\\Users\\Dilum Harshana\\Desktop\\assignment\\todo-list-react-node\\backend\\src\\routes\\taskRoutes.js": {"path":"C:\\Users\\Dilum Harshana\\Desktop\\assignment\\todo-list-react-node\\backend\\src\\routes\\taskRoutes.js","statementMap":{"0":{"start":{"line":1,"column":16},"end":{"line":1,"column":34}},"1":{"start":{"line":2,"column":23},"end":{"line":2,"column":63}},"2":{"start":{"line":4,"column":15},"end":{"line":4,"column":31}},"3":{"start":{"line":11,"column":0},"end":{"line":11,"column":52}},"4":{"start":{"line":18,"column":0},"end":{"line":18,"column":49}},"5":{"start":{"line":25,"column":0},"end":{"line":25,"column":46}},"6":{"start":{"line":32,"column":0},"end":{"line":32,"column":57}},"7":{"start":{"line":39,"column":0},"end":{"line":39,"column":49}},"8":{"start":{"line":41,"column":0},"end":{"line":41,"column":24}}},"fnMap":{},"branchMap":{},"s":{"0":1,"1":1,"2":1,"3":1,"4":1,"5":1,"6":1,"7":1,"8":1},"f":{},"b":{},"_coverageSchema":"1a1c01bbd47fc00a2c39e90264f33305004495a9","hash":"903b60a5a40c066c0c7490ebccc8b9ebfad1e4d1"}
,"C:\\Users\\Dilum Harshana\\Desktop\\assignment\\todo-list-react-node\\backend\\src\\services\\taskService.js": {"path":"C:\\Users\\Dilum Harshana\\Desktop\\assignment\\todo-list-react-node\\backend\\src\\services\\taskService.js","statementMap":{"0":{"start":{"line":1,"column":13},"end":{"line":1,"column":38}},"1":{"start":{"line":2,"column":30},"end":{"line":2,"column":60}},"2":{"start":{"line":14,"column":4},"end":{"line":14,"column":40}},"3":{"start":{"line":24,"column":17},"end":{"line":24,"column":40}},"4":{"start":{"line":26,"column":4},"end":{"line":30,"column":5}},"5":{"start":{"line":27,"column":20},"end":{"line":27,"column":47}},"6":{"start":{"line":28,"column":6},"end":{"line":28,"column":29}},"7":{"start":{"line":29,"column":6},"end":{"line":29,"column":18}},"8":{"start":{"line":32,"column":4},"end":{"line":32,"column":16}},"9":{"start":{"line":43,"column":29},"end":{"line":43,"column":56}},"10":{"start":{"line":45,"column":4},"end":{"line":49,"column":5}},"11":{"start":{"line":46,"column":30},"end":{"line":46,"column":54}},"12":{"start":{"line":47,"column":6},"end":{"line":47,"column":39}},"13":{"start":{"line":48,"column":6},"end":{"line":48,"column":28}},"14":{"start":{"line":52,"column":4},"end":{"line":52,"column":36}},"15":{"start":{"line":64,"column":4},"end":{"line":64,"column":31}},"16":{"start":{"line":67,"column":24},"end":{"line":67,"column":55}},"17":{"start":{"line":69,"column":4},"end":{"line":69,"column":23}},"18":{"start":{"line":80,"column":4},"end":{"line":80,"column":31}},"19":{"start":{"line":83,"column":4},"end":{"line":83,"column":54}},"20":{"start":{"line":94,"column":4},"end":{"line":94,"column":31}},"21":{"start":{"line":97,"column":4},"end":{"line":97,"column":33}},"22":{"start":{"line":101,"column":0},"end":{"line":101,"column":29}}},"fnMap":{"0":{"name":"(anonymous_0)","decl":{"start":{"line":13,"column":2},"end":{"line":13,"column":3}},"loc":{"start":{"line":13,"column":41},"end":{"line":15,"column":3}},"line":13},"1":{"name":"(anonymous_1)","decl":{"start":{"line":23,"column":2},"end":{"line":23,"column":3}},"loc":{"start":{"line":23,"column":31},"end":{"line":33,"column":3}},"line":23},"2":{"name":"(anonymous_2)","decl":{"start":{"line":41,"column":2},"end":{"line":41,"column":3}},"loc":{"start":{"line":41,"column":36},"end":{"line":53,"column":3}},"line":41},"3":{"name":"(anonymous_3)","decl":{"start":{"line":62,"column":2},"end":{"line":62,"column":3}},"loc":{"start":{"line":62,"column":40},"end":{"line":70,"column":3}},"line":62},"4":{"name":"(anonymous_4)","decl":{"start":{"line":78,"column":2},"end":{"line":78,"column":3}},"loc":{"start":{"line":78,"column":32},"end":{"line":84,"column":3}},"line":78},"5":{"name":"(anonymous_5)","decl":{"start":{"line":92,"column":2},"end":{"line":92,"column":3}},"loc":{"start":{"line":92,"column":30},"end":{"line":98,"column":3}},"line":92}},"branchMap":{"0":{"loc":{"start":{"line":13,"column":30},"end":{"line":13,"column":39}},"type":"default-arg","locations":[{"start":{"line":13,"column":38},"end":{"line":13,"column":39}}],"line":13},"1":{"loc":{"start":{"line":26,"column":4},"end":{"line":30,"column":5}},"type":"if","locations":[{"start":{"line":26,"column":4},"end":{"line":30,"column":5}},{"start":{},"end":{}}],"line":26},"2":{"loc":{"start":{"line":45,"column":4},"end":{"line":49,"column":5}},"type":"if","locations":[{"start":{"line":45,"column":4},"end":{"line":49,"column":5}},{"start":{},"end":{}}],"line":45}},"s":{"0":3,"1":3,"2":3,"3":4,"4":4,"5":2,"6":2,"7":2,"8":2,"9":4,"10":4,"11":2,"12":2,"13":2,"14":2,"15":2,"16":1,"17":1,"18":2,"19":1,"20":0,"21":0,"22":3},"f":{"0":3,"1":4,"2":4,"3":2,"4":2,"5":0},"b":{"0":[3],"1":[2,2],"2":[2,2]},"_coverageSchema":"1a1c01bbd47fc00a2c39e90264f33305004495a9","hash":"aa1dc435ed4b7578638763f092ef051154c071f1"}
,"C:\\Users\\Dilum Harshana\\Desktop\\assignment\\todo-list-react-node\\backend\\src\\utils\\validators.js": {"path":"C:\\Users\\Dilum Harshana\\Desktop\\assignment\\todo-list-react-node\\backend\\src\\utils\\validators.js","statementMap":{"0":{"start":{"line":6,"column":26},"end":{"line":47,"column":1}},"1":{"start":{"line":7,"column":33},"end":{"line":7,"column":41}},"2":{"start":{"line":8,"column":17},"end":{"line":8,"column":19}},"3":{"start":{"line":9,"column":24},"end":{"line":9,"column":26}},"4":{"start":{"line":12,"column":2},"end":{"line":22,"column":3}},"5":{"start":{"line":13,"column":4},"end":{"line":13,"column":37}},"6":{"start":{"line":14,"column":9},"end":{"line":22,"column":3}},"7":{"start":{"line":15,"column":4},"end":{"line":15,"column":42}},"8":{"start":{"line":16,"column":9},"end":{"line":22,"column":3}},"9":{"start":{"line":17,"column":4},"end":{"line":17,"column":41}},"10":{"start":{"line":18,"column":9},"end":{"line":22,"column":3}},"11":{"start":{"line":19,"column":4},"end":{"line":19,"column":54}},"12":{"start":{"line":21,"column":4},"end":{"line":21,"column":39}},"13":{"start":{"line":25,"column":2},"end":{"line":33,"column":3}},"14":{"start":{"line":26,"column":4},"end":{"line":30,"column":5}},"15":{"start":{"line":27,"column":6},"end":{"line":27,"column":50}},"16":{"start":{"line":29,"column":6},"end":{"line":29,"column":53}},"17":{"start":{"line":32,"column":4},"end":{"line":32,"column":35}},"18":{"start":{"line":36,"column":2},"end":{"line":41,"column":3}},"19":{"start":{"line":37,"column":4},"end":{"line":40,"column":6}},"20":{"start":{"line":43,"column":2},"end":{"line":46,"column":4}},"21":{"start":{"line":54,"column":23},"end":{"line":68,"column":1}},"22":{"start":{"line":55,"column":19},"end":{"line":55,"column":35}},"23":{"start":{"line":57,"column":2},"end":{"line":62,"column":3}},"24":{"start":{"line":58,"column":4},"end":{"line":61,"column":6}},"25":{"start":{"line":64,"column":2},"end":{"line":67,"column":4}},"26":{"start":{"line":70,"column":0},"end":{"line":73,"column":2}}},"fnMap":{"0":{"name":"(anonymous_0)","decl":{"start":{"line":6,"column":26},"end":{"line":6,"column":27}},"loc":{"start":{"line":6,"column":40},"end":{"line":47,"column":1}},"line":6},"1":{"name":"(anonymous_1)","decl":{"start":{"line":54,"column":23},"end":{"line":54,"column":24}},"loc":{"start":{"line":54,"column":31},"end":{"line":68,"column":1}},"line":54}},"branchMap":{"0":{"loc":{"start":{"line":12,"column":2},"end":{"line":22,"column":3}},"type":"if","locations":[{"start":{"line":12,"column":2},"end":{"line":22,"column":3}},{"start":{"line":14,"column":9},"end":{"line":22,"column":3}}],"line":12},"1":{"loc":{"start":{"line":14,"column":9},"end":{"line":22,"column":3}},"type":"if","locations":[{"start":{"line":14,"column":9},"end":{"line":22,"column":3}},{"start":{"line":16,"column":9},"end":{"line":22,"column":3}}],"line":14},"2":{"loc":{"start":{"line":16,"column":9},"end":{"line":22,"column":3}},"type":"if","locations":[{"start":{"line":16,"column":9},"end":{"line":22,"column":3}},{"start":{"line":18,"column":9},"end":{"line":22,"column":3}}],"line":16},"3":{"loc":{"start":{"line":18,"column":9},"end":{"line":22,"column":3}},"type":"if","locations":[{"start":{"line":18,"column":9},"end":{"line":22,"column":3}},{"start":{"line":20,"column":9},"end":{"line":22,"column":3}}],"line":18},"4":{"loc":{"start":{"line":25,"column":2},"end":{"line":33,"column":3}},"type":"if","locations":[{"start":{"line":25,"column":2},"end":{"line":33,"column":3}},{"start":{"line":31,"column":9},"end":{"line":33,"column":3}}],"line":25},"5":{"loc":{"start":{"line":26,"column":4},"end":{"line":30,"column":5}},"type":"if","locations":[{"start":{"line":26,"column":4},"end":{"line":30,"column":5}},{"start":{"line":28,"column":11},"end":{"line":30,"column":5}}],"line":26},"6":{"loc":{"start":{"line":36,"column":2},"end":{"line":41,"column":3}},"type":"if","locations":[{"start":{"line":36,"column":2},"end":{"line":41,"column":3}},{"start":{},"end":{}}],"line":36},"7":{"loc":{"start":{"line":57,"column":2},"end":{"line":62,"column":3}},"type":"if","locations":[{"start":{"line":57,"column":2},"end":{"line":62,"column":3}},{"start":{},"end":{}}],"line":57},"8":{"loc":{"start":{"line":57,"column":6},"end":{"line":57,"column":38}},"type":"binary-expr","locations":[{"start":{"line":57,"column":6},"end":{"line":57,"column":21}},{"start":{"line":57,"column":25},"end":{"line":57,"column":38}}],"line":57}},"s":{"0":4,"1":4,"2":4,"3":4,"4":4,"5":2,"6":2,"7":0,"8":2,"9":0,"10":2,"11":0,"12":2,"13":4,"14":2,"15":0,"16":2,"17":2,"18":4,"19":2,"20":2,"21":4,"22":6,"23":6,"24":2,"25":4,"26":4},"f":{"0":4,"1":6},"b":{"0":[2,2],"1":[0,2],"2":[0,2],"3":[0,2],"4":[2,2],"5":[0,2],"6":[2,2],"7":[2,4],"8":[6,4]},"_coverageSchema":"1a1c01bbd47fc00a2c39e90264f33305004495a9","hash":"c47de0f6cc0f09ac0ef9451bcca4e725d534a411"}
}
