TN:
SF:src\app.js
FN:28,(anonymous_0)
FN:37,(anonymous_1)
FNF:2
FNH:0
FNDA:0,(anonymous_0)
FNDA:0,(anonymous_1)
DA:1,1
DA:2,1
DA:3,1
DA:4,1
DA:5,1
DA:8,1
DA:11,1
DA:12,1
DA:15,1
DA:16,1
DA:19,1
DA:20,1
DA:21,1
DA:22,1
DA:25,1
DA:28,1
DA:29,0
DA:33,1
DA:36,1
DA:37,0
DA:38,0
DA:42,1
LF:22
LH:19
BRDA:16,0,0,1
BRDA:16,0,1,0
BRDA:36,1,0,0
BRDA:36,1,1,1
BRF:4
BRH:2
end_of_record
TN:
SF:src\config\db.js
FN:4,(anonymous_0)
FN:21,(anonymous_1)
FN:29,(anonymous_2)
FN:37,(anonymous_3)
FN:54,(anonymous_4)
FN:63,(anonymous_5)
FN:64,(anonymous_6)
FNF:7
FNH:6
FNDA:3,(anonymous_0)
FNDA:3,(anonymous_1)
FNDA:5,(anonymous_2)
FNDA:2,(anonymous_3)
FNDA:3,(anonymous_4)
FNDA:0,(anonymous_5)
FNDA:2,(anonymous_6)
DA:1,3
DA:6,3
DA:9,3
DA:22,3
DA:23,3
DA:25,3
DA:30,5
DA:31,3
DA:33,5
DA:38,2
DA:39,2
DA:40,1
DA:41,1
DA:42,1
DA:44,1
DA:45,1
DA:51,3
DA:54,3
DA:55,3
DA:56,0
DA:61,3
DA:63,0
DA:64,2
LF:23
LH:21
BRDA:22,0,0,3
BRDA:22,0,1,0
BRDA:30,1,0,3
BRDA:30,1,1,2
BRDA:55,2,0,0
BRDA:55,2,1,3
BRF:6
BRH:4
end_of_record
TN:
SF:src\controllers\taskController.js
FN:14,(anonymous_0)
FN:37,(anonymous_1)
FN:52,(anonymous_2)
FN:75,(anonymous_3)
FN:98,(anonymous_4)
FNF:5
FNH:4
FNDA:3,(anonymous_0)
FNDA:4,(anonymous_1)
FNDA:3,(anonymous_2)
FNDA:3,(anonymous_3)
FNDA:0,(anonymous_4)
DA:1,2
DA:2,2
DA:15,3
DA:16,3
DA:17,2
DA:19,1
DA:38,4
DA:39,4
DA:40,2
DA:42,2
DA:53,3
DA:54,3
DA:57,3
DA:58,3
DA:59,1
DA:62,2
DA:63,1
DA:65,1
DA:76,3
DA:77,3
DA:80,3
DA:81,3
DA:82,1
DA:85,2
DA:86,1
DA:88,1
DA:99,0
DA:100,0
DA:103,0
DA:104,0
DA:105,0
DA:108,0
DA:109,0
DA:111,0
DA:116,2
LF:35
LH:27
BRDA:58,0,0,1
BRDA:58,0,1,2
BRDA:81,1,0,1
BRDA:81,1,1,2
BRDA:104,2,0,0
BRDA:104,2,1,0
BRF:6
BRH:4
end_of_record
TN:
SF:src\middleware\errorHandler.js
FN:8,(anonymous_0)
FNF:1
FNH:1
FNDA:1,(anonymous_0)
DA:8,1
DA:10,1
DA:11,1
DA:14,1
DA:17,1
DA:22,1
LF:6
LH:6
BRDA:14,0,0,1
BRDA:14,0,1,0
BRDA:18,1,0,1
BRDA:18,1,1,0
BRF:4
BRH:2
end_of_record
TN:
SF:src\models\task.js
FN:12,(anonymous_0)
FN:32,(anonymous_1)
FN:46,(anonymous_2)
FN:67,(anonymous_3)
FNF:4
FNH:3
FNDA:1,(anonymous_0)
FNDA:1,(anonymous_1)
FNDA:1,(anonymous_2)
FNDA:0,(anonymous_3)
DA:1,3
DA:13,1
DA:14,1
DA:21,1
DA:23,0
DA:33,1
DA:34,1
DA:35,1
DA:37,0
DA:47,1
DA:48,1
DA:49,1
DA:54,1
DA:55,1
DA:57,0
DA:68,0
DA:69,0
DA:71,0
DA:80,0
DA:81,0
DA:84,0
DA:86,0
DA:91,3
LF:23
LH:13
BRDA:12,0,0,0
BRDA:35,1,0,1
BRDA:35,1,1,0
BRDA:80,2,0,0
BRDA:80,2,1,0
BRF:5
BRH:1
end_of_record
TN:
SF:src\routes\taskRoutes.js
FNF:0
FNH:0
DA:1,1
DA:2,1
DA:4,1
DA:11,1
DA:18,1
DA:25,1
DA:32,1
DA:39,1
DA:41,1
LF:9
LH:9
BRF:0
BRH:0
end_of_record
TN:
SF:src\services\taskService.js
FN:13,(anonymous_0)
FN:23,(anonymous_1)
FN:41,(anonymous_2)
FN:62,(anonymous_3)
FN:78,(anonymous_4)
FN:92,(anonymous_5)
FNF:6
FNH:5
FNDA:3,(anonymous_0)
FNDA:4,(anonymous_1)
FNDA:4,(anonymous_2)
FNDA:2,(anonymous_3)
FNDA:2,(anonymous_4)
FNDA:0,(anonymous_5)
DA:1,3
DA:2,3
DA:14,3
DA:24,4
DA:26,4
DA:27,2
DA:28,2
DA:29,2
DA:32,2
DA:43,4
DA:45,4
DA:46,2
DA:47,2
DA:48,2
DA:52,2
DA:64,2
DA:67,1
DA:69,1
DA:80,2
DA:83,1
DA:94,0
DA:97,0
DA:101,3
LF:23
LH:21
BRDA:13,0,0,3
BRDA:26,1,0,2
BRDA:26,1,1,2
BRDA:45,2,0,2
BRDA:45,2,1,2
BRF:5
BRH:5
end_of_record
TN:
SF:src\utils\validators.js
FN:6,(anonymous_0)
FN:54,(anonymous_1)
FNF:2
FNH:2
FNDA:4,(anonymous_0)
FNDA:6,(anonymous_1)
DA:6,4
DA:7,4
DA:8,4
DA:9,4
DA:12,4
DA:13,2
DA:14,2
DA:15,0
DA:16,2
DA:17,0
DA:18,2
DA:19,0
DA:21,2
DA:25,4
DA:26,2
DA:27,0
DA:29,2
DA:32,2
DA:36,4
DA:37,2
DA:43,2
DA:54,4
DA:55,6
DA:57,6
DA:58,2
DA:64,4
DA:70,4
LF:27
LH:23
BRDA:12,0,0,2
BRDA:12,0,1,2
BRDA:14,1,0,0
BRDA:14,1,1,2
BRDA:16,2,0,0
BRDA:16,2,1,2
BRDA:18,3,0,0
BRDA:18,3,1,2
BRDA:25,4,0,2
BRDA:25,4,1,2
BRDA:26,5,0,0
BRDA:26,5,1,2
BRDA:36,6,0,2
BRDA:36,6,1,2
BRDA:57,7,0,2
BRDA:57,7,1,4
BRDA:57,8,0,6
BRDA:57,8,1,4
BRF:18
BRH:14
end_of_record
